        -:    0:Source:/home/evr/git/naiad-auv-software/src/lib/math/vectors/src/math-vectors.adb
        -:    0:Programs:122
        -:    1:-- Vector package for Project Naiad
        -:    2:-- Written by Per-Erik Måhl, 2013
        -:    3:
        -:    4:with Ada.Numerics.Elementary_Functions;
        -:    5:
        -:    6:with System;
        -:    7:
        -:    8:with Ada.Text_IO;
        -:    9:
        -:   10:package body Math.Vectors is
        -:   11:
  6284958:   12:   function pxCreate (fX, fY, fZ : float) return pCVector is
  6284958:   13:      pxNew_Vector : pCVector := new CVector;
        -:   14:   begin
  6284958:   15:      pxNew_Vector.fX := fX;
  6284958:   16:      pxNew_Vector.fY := fY;
  6284958:   17:      pxNew_Vector.fZ := fZ;
  6284958:   18:      return pxNew_Vector;
        -:   19:   end pxCreate;
        -:   20:
        -:   21:
    39852:   22:   function fLength_Squared (this : in CVector) return float is
        -:   23:   begin
    39852:   24:      return (this.fX**2) + (this.fY**2) + (this.fZ**2);
        -:   25:   end fLength_Squared;
        -:   26:
    39240:   27:   function fLength (this : in CVector) return float is
        -:   28:   begin
    39240:   29:      return Ada.Numerics.Elementary_Functions.Sqrt(this.fLength_Squared);
        -:   30:   end fLength;
        -:   31:
        -:   32:
    #####:   33:   function "*" (pxLeftOperandVector, pxRightOperandVector : in pCVector) return pCVector is
    #####:   34:      pxProductVector : pCVector;
        -:   35:   begin
    #####:   36:      pxProductVector := pxCreate(fX => pxLeftOperandVector.fX * pxRightOperandVector.fX,
    #####:   37:                                  fY => pxLeftOperandVector.fY * pxRightOperandVector.fY,
    #####:   38:                                  fZ => pxLeftOperandVector.fZ * pxRightOperandVector.fZ);
    #####:   39:      return pxProductVector;
        -:   40:   end "*";
        -:   41:
    #####:   42:   function "*" (pxLeftOperandVector : in pCVector; fRightOperand : in float) return pCVector is
    #####:   43:      pxScaledVector : pCVector;
        -:   44:   begin
    #####:   45:      pxScaledVector := pxCreate(fX => pxLeftOperandVector.fX * fRightOperand,
    #####:   46:                                 fY => pxLeftOperandVector.fY * fRightOperand,
    #####:   47:                                 fZ => pxLeftOperandVector.fZ * fRightOperand);
    #####:   48:      return pxScaledVector;
        -:   49:   end "*";
        -:   50:
    #####:   51:   function "*" (fLeftOperand : in float; pxRightOperandVector : in pCVector) return pCVector is
    #####:   52:      pxScaledVector : pCVector;
        -:   53:   begin
    #####:   54:      pxScaledVector := pxCreate(fX => pxRightOperandVector.fX * fLeftOperand,
    #####:   55:                                 fY => pxRightOperandVector.fY * fLeftOperand,
    #####:   56:                                 fZ => pxRightOperandVector.fZ * fLeftOperand);
    #####:   57:      return pxScaledVector;
        -:   58:   end "*";
        -:   59:
    #####:   60:   function "/" (pxLeftOperandVector : in pCVector; fRightOperand : in float) return pCVector is
        -:   61:      fScaleFactor : float;
        -:   62:   begin
    #####:   63:      if fRightOperand = 0.0 then
    #####:   64:         raise Numeric_Error;
        -:   65:      end if;
        -:   66:
    #####:   67:      fScaleFactor := 1.0 / fRightOperand;
    #####:   68:      return pxLeftOperandVector * fScaleFactor;
        -:   69:   end "/";
        -:   70:
       48:   71:   function "=" (pxLeftOperandVector : in pCVector; pxRightOperandVector : in pCVector) return boolean is
        -:   72:      use System;
        -:   73:   begin
      192:   74:      return abs(pxLeftOperandVector.fX - pxRightOperandVector.fX) < 0.0001 and
       96:   75:        abs(pxLeftOperandVector.fY - pxRightOperandVector.fY) < 0.0001 and
       96:   76:        abs(pxLeftOperandVector.fZ - pxRightOperandVector.fZ) < 0.0001;
        -:   77:
        -:   78:   exception
    #####:   79:         when CONSTRAINT_ERROR => return false;
    #####:   80:   end "=";
        -:   81:
 17988750:   82:   function fGet_X (this : in CVector) return float is
        -:   83:   begin
 17988750:   84:      return this.fX;
        -:   85:   end fGet_X;
        -:   86:
 17988750:   87:   function fGet_Y (this : in CVector) return float is
        -:   88:   begin
 17988750:   89:      return this.fY;
        -:   90:   end fGet_Y;
        -:   91:
 17988750:   92:   function fGet_Z (this : in CVector) return float is
        -:   93:   begin
 17988750:   94:      return this.fZ;
        -:   95:   end fGet_Z;
        -:   96:
        -:   97:
        -:   98:
        -:   99:
        -:  100:
        -:  101:
    #####:  102:   function "+" (pxLeftOperandVector, pxRightOperandVector : in pCVector) return pCVector is
    #####:  103:      pxSumVector : pCVector;
        -:  104:   begin
    #####:  105:      pxSumVector := pxCreate(fX => pxLeftOperandVector.fX + pxRightOperandVector.fX,
    #####:  106:                              fY => pxLeftOperandVector.fY + pxRightOperandVector.fY,
    #####:  107:                              fZ => pxLeftOperandVector.fZ + pxRightOperandVector.fZ);
    #####:  108:      return pxSumVector;
        -:  109:   end "+";
        -:  110:
    #####:  111:   function "-" (pxOperandVector : in pCVector) return pCVector is
    #####:  112:      pxNegatedVector : pCVector;
        -:  113:   begin
    #####:  114:      pxNegatedVector := pxCreate(fX => -pxOperandVector.fX,
    #####:  115:                                  fY => -pxOperandVector.fY,
    #####:  116:                                  fZ => -pxOperandVector.fZ);
    #####:  117:      return pxNegatedVector;
        -:  118:   end "-";
        -:  119:
    #####:  120:   function "-" (pxLeftOperandVector, pxRightOperandVector : in pCVector) return pCVector is
        -:  121:   begin
    #####:  122:      return pxLeftOperandVector + (-pxRightOperandVector);
        -:  123:   end "-";
        -:  124:
    91458:  125:   function fDot_Product (pxLeftOperandVector : in pCVector; pxRightOperandVector : in pCVector) return float is
        -:  126:      fDotProduct : float;
        -:  127:   begin
   274374:  128:      fDotProduct := (pxLeftOperandVector.fX * pxRightOperandVector.fX)
   182916:  129:        + (pxLeftOperandVector.fY * pxRightOperandVector.fY)
   182916:  130:        + (pxLeftOperandVector.fZ * pxRightOperandVector.fZ);
    91458:  131:      return fDotProduct;
        -:  132:   end fDot_Product;
        -:  133:
        -:  134:
    19458:  135:   function fAngle_Between_In_Radians (pxLeftOperandVector, pxRightOperandVector : in pCVector) return float is
        -:  136:      fDotProduct : float;
        -:  137:   begin
    19458:  138:      fDotProduct := Math.Vectors.fDot_Product(pxLeftOperandVector  => pxLeftOperandVector,
        -:  139:                                               pxRightOperandVector => pxRightOperandVector);
    19458:  140:      fDotProduct := fDotProduct / (pxLeftOperandVector.fLength * pxRightOperandVector.fLength);
    19458:  141:      if fDotProduct > 1.0 then
    #####:  142:         fDotProduct := 1.0;
        -:  143:      end if;
        -:  144:
    19458:  145:      return Ada.Numerics.Elementary_Functions.Arccos(fDotProduct);
        -:  146:   end fAngle_Between_In_Radians;
        -:  147:
        -:  148:
      324:  149:   function pxGet_Normalized (this : in CVector) return pCVector is
      324:  150:      pxNormalizedVector : pCVector;
        -:  151:   begin
      324:  152:      if this.fLength_Squared = 0.0 then
    #####:  153:         raise Numeric_Error;
        -:  154:      end if;
        -:  155:
      324:  156:      pxNormalizedVector := this / this.fLength;
      324:  157:      return pxNormalizedVector;
        -:  158:   end pxGet_Normalized;
        -:  159:
    72000:  160:   function pxCross_Product (pxLeftOperandVector : in pCVector; pxRightOperandVector : in pCVector) return pCVector is
    72000:  161:      pxCrossProductVector : pCVector;
        -:  162:   begin
   144000:  163:      pxCrossProductVector := Math.Vectors.pxCreate(fX => (pxLeftOperandVector.fY * pxRightOperandVector.fZ) - (pxLeftOperandVector.fZ * pxRightOperandVector.fY),
   144000:  164:                                                          fY => (pxLeftOperandVector.fZ * pxRightOperandVector.fX) - (pxLeftOperandVector.fX * pxRightOperandVector.fZ),
    72000:  165:                                                          fZ => (pxLeftOperandVector.fX * pxRightOperandVector.fY) - (pxLeftOperandVector.fY * pxRightOperandVector.fX));
    72000:  166:      return pxCrossProductVector;
        -:  167:   end pxCross_Product;
        -:  168:
        -:  169:
      324:  170:   function "/" (xLeftOperandVector : in CVector; fRightOperand : in float) return pCVector is
        -:  171:   begin
      324:  172:      if fRightOperand = 0.0 then
    #####:  173:         raise Numeric_Error;
        -:  174:      end if;
        -:  175:
      972:  176:      return Math.Vectors.pxCreate(fX => xLeftOperandVector.fX / fRightOperand,
      324:  177:                                         fY => xLeftOperandVector.fY / fRightOperand,
      324:  178:                                         fZ => xLeftOperandVector.fZ / fRightOperand);
        -:  179:   end "/";
        -:  180:
      126:  181:   function pxGet_Copy (this : in CVector) return pCVector is
      126:  182:      pxCopy : pCVector;
        -:  183:   begin
      126:  184:      pxCopy := Math.Vectors.pxCreate(fX => this.fX,
        -:  185:                                            fY => this.fY,
        -:  186:                                            fZ => this.fZ);
      126:  187:      return pxCopy;
        -:  188:   end pxGet_Copy;
        -:  189:
        -:  190:
    #####:  191:   procedure Copy_From(this : in out CVector; pxSourceVector : in pCVector) is
        -:  192:   begin
    #####:  193:      this.fX := pxSourceVector.fX;
    #####:  194:      this.fY := pxSourceVector.fY;
    #####:  195:      this.fZ := pxSourceVector.fZ;
    #####:  196:   end Copy_From;
        -:  197:
        -:  198:
        -:  199:end Math.Vectors;
