        -:    0:Source:/home/evr/git/naiad-auv-software/src/lib/math/planes/obj/gnattest/tests/math-planes-cplane_test_data.adb
        -:    0:Programs:25
        -:    1:--  This package is intended to set up and tear down  the test environment.
        -:    2:--  Once created by GNATtest, this package will never be overwritten
        -:    3:--  automatically. Contents of this package can be modified in any way
        -:    4:--  except for sections surrounded by a 'read only' marker.
        -:    5:
        2:    6:package body Math.Planes.CPlane_Test_Data is
        -:    7:
        2:    8:   Local_CPlane : aliased GNATtest_Generated.GNATtest_Standard.Math.Planes.CPlane;
       24:    9:   procedure Set_Up (Gnattest_T : in out Test_CPlane) is
        -:   10:   begin
       24:   11:      Gnattest_T.Fixture := Local_CPlane'Access;
       24:   12:   end Set_Up;
       24:   13:   procedure Tear_Down (Gnattest_T : in out Test_CPlane) is
        -:   14:   begin
        -:   15:      null;
       24:   16:   end Tear_Down;
        -:   17:
        2:   18:end Math.Planes.CPlane_Test_Data;
