        -:    0:Source:/home/evr/git/naiad-auv-software/src/lib/math/quaternions/obj/gnattest/tests/math-quaternions-test_data.ads
        -:    0:Programs:65
        -:    1:--  This package is intended to set up and tear down  the test environment.
        -:    2:--  Once created by GNATtest, this package will never be overwritten
        -:    3:--  automatically. Contents of this package can be modified in any way
        -:    4:--  except for sections surrounded by a 'read only' marker.
        -:    5:
        -:    6:with AUnit.Test_Fixtures;
        -:    7:
       12:    8:package Math.Quaternions.Test_Data is
        -:    9:
        -:   10:--  begin read only
        6:   11:   type Test is new AUnit.Test_Fixtures.Test_Fixture
        -:   12:--  end read only
        -:   13:   with null record;
        -:   14:
        -:   15:   procedure Set_Up (Gnattest_T : in out Test);
        -:   16:   procedure Tear_Down (Gnattest_T : in out Test);
        -:   17:
        6:   18:end Math.Quaternions.Test_Data;
