        -:    0:Source:/usr/gnat/include/aunit/framework/nativememory/aunit-memory-utils.adb
        -:    0:Programs:22
        -:    1:------------------------------------------------------------------------------
        -:    2:--                                                                          --
        -:    3:--                         GNAT COMPILER COMPONENTS                         --
        -:    4:--                                                                          --
        -:    5:--                    A U N I T . M E M O R Y . U T I L S                   --
        -:    6:--                                                                          --
        -:    7:--                                 B o d y                                  --
        -:    8:--                                                                          --
        -:    9:--                                                                          --
        -:   10:--                     Copyright (C) 2008-2012, AdaCore                     --
        -:   11:--                                                                          --
        -:   12:-- GNAT is free software;  you can  redistribute it  and/or modify it under --
        -:   13:-- terms of the  GNU General Public License as published  by the Free Soft- --
        -:   14:-- ware  Foundation;  either version 3,  or (at your option) any later ver- --
        -:   15:-- sion.  GNAT is distributed in the hope that it will be useful, but WITH- --
        -:   16:-- OUT ANY WARRANTY;  without even the  implied warranty of MERCHANTABILITY --
        -:   17:-- or FITNESS FOR A PARTICULAR PURPOSE.                                     --
        -:   18:--                                                                          --
        -:   19:--                                                                          --
        -:   20:--                                                                          --
        -:   21:--                                                                          --
        -:   22:--                                                                          --
        -:   23:-- You should have received a copy of the GNU General Public License and    --
        -:   24:-- a copy of the GCC Runtime Library Exception along with this program;     --
        -:   25:-- see the files COPYING3 and COPYING.RUNTIME respectively.  If not, see    --
        -:   26:-- <http://www.gnu.org/licenses/>.                                          --
        -:   27:--                                                                          --
        -:   28:-- GNAT is maintained by AdaCore (http://www.adacore.com)                   --
        -:   29:--                                                                          --
        -:   30:------------------------------------------------------------------------------
        -:   31:
        -:   32:package body AUnit.Memory.Utils is
        -:   33:
        -:   34:   ---------------
        -:   35:   -- Gen_Alloc --
        -:   36:   ---------------
        -:   37:
        4:   38:   function Gen_Alloc return Name is
        -:   39:   begin
        4:   40:      return new Object;
        -:   41:   end Gen_Alloc;
        -:   42:
        -:   43:end AUnit.Memory.Utils;
