        -:    0:Source:/home/emibe/skola/robgit/naiad-auv-software/src/software/navigation/thruster_configurator/obj/gnattest/harness/gnattest_main_suite.adb
        -:    0:Programs:37
        -:    1:--  This package has been generated automatically by GNATtest.
        -:    2:--  Do not edit any part of it, see GNATtest documentation for more details.
        -:    3:
        -:    4:--  begin read only
        -:    5:with Navigation.Thruster_Configurator.CThrusterConfigurator_Test_Data.CThrusterConfigurator_Tests.Suite;
        -:    6:with Navigation.Thruster_Configurator.Test_Data.Tests.Suite;
        -:    7:
        4:    8:package body Gnattest_Main_Suite is
        -:    9:
        4:   10:   Result : aliased AUnit.Test_Suites.Test_Suite;
        -:   11:
        4:   12:   function Suite return AUnit.Test_Suites.Access_Test_Suite is
        -:   13:   begin
        -:   14:
        4:   15:      Result.Add_Test (Navigation.Thruster_Configurator.CThrusterConfigurator_Test_Data.CThrusterConfigurator_Tests.Suite.Suite);
        4:   16:      Result.Add_Test (Navigation.Thruster_Configurator.Test_Data.Tests.Suite.Suite);
        -:   17:
        4:   18:      return Result'Access;
        -:   19:
        -:   20:   end Suite;
        -:   21:
        4:   22:end Gnattest_Main_Suite;
        -:   23:--  end read only
