        -:    0:Source:/home/evr/git/naiad-auv-software/src/lib/math/vectors/obj/gnattest/tests/math-vectors-cvector_test_data.adb
        -:    0:Programs:57
        -:    1:--  This package is intended to set up and tear down  the test environment.
        -:    2:--  Once created by GNATtest, this package will never be overwritten
        -:    3:--  automatically. Contents of this package can be modified in any way
        -:    4:--  except for sections surrounded by a 'read only' marker.
        -:    5:
        2:    6:package body Math.Vectors.CVector_Test_Data is
        -:    7:
        2:    8:   Local_CVector : aliased GNATtest_Generated.GNATtest_Standard.Math.Vectors.CVector;
       18:    9:   procedure Set_Up (Gnattest_T : in out Test_CVector) is
        -:   10:   begin
       18:   11:      Gnattest_T.Fixture := Local_CVector'Access;
       18:   12:   end Set_Up;
       18:   13:   procedure Tear_Down (Gnattest_T : in out Test_CVector) is
        -:   14:   begin
        -:   15:      null;
       18:   16:   end Tear_Down;
        -:   17:
        2:   18:end Math.Vectors.CVector_Test_Data;
