        -:    0:Source:/home/emibe/skola/robgit/naiad-auv-software/src/software/navigation/thruster_configurator/obj/gnattest/tests/navigation-thruster_configurator-test_data.adb
        -:    0:Programs:37
        -:    1:--  This package is intended to set up and tear down  the test environment.
        -:    2:--  Once created by GNATtest, this package will never be overwritten
        -:    3:--  automatically. Contents of this package can be modified in any way
        -:    4:--  except for sections surrounded by a 'read only' marker.
        -:    5:
        -:    6:package body Navigation.Thruster_Configurator.Test_Data is
        -:    7:
       44:    8:   procedure Set_Up (Gnattest_T : in out Test) is
        -:    9:      pragma Unreferenced (Gnattest_T);
        -:   10:   begin
        -:   11:      null;
       44:   12:   end Set_Up;
        -:   13:
       44:   14:   procedure Tear_Down (Gnattest_T : in out Test) is
        -:   15:      pragma Unreferenced (Gnattest_T);
        -:   16:   begin
        -:   17:      null;
       44:   18:   end Tear_Down;
        -:   19:
        -:   20:end Navigation.Thruster_Configurator.Test_Data;
