        -:    0:Source:/home/evr/git/naiad-auv-software/src/lib/math/angles/obj/gnattest/harness/math-angles-test_data-tests-suite.adb
        -:    0:Programs:24
        -:    1:--  This package has been generated automatically by GNATtest.
        -:    2:--  Do not edit any part of it, see GNATtest documentation for more details.
        -:    3:
        -:    4:--  begin read only
        -:    5:with AUnit.Test_Caller;
        -:    6:with Gnattest_Generated;
        -:    7:
       12:    8:package body Math.Angles.Test_Data.Tests.Suite is
        -:    9:
        -:   10:   package Runner_1 is new AUnit.Test_Caller
        -:   11:     (GNATtest_Generated.GNATtest_Standard.Math.Angles.Test_Data.Tests.Test);
        -:   12:
        4:   13:   Result : aliased AUnit.Test_Suites.Test_Suite;
        -:   14:
        4:   15:   Case_1_1_Test_fGet_Angle_Degrees_In_Range_1c8f14 : aliased Runner_1.Test_Case;
        4:   16:   Case_2_1_Test_fGet_Angle_Radians_In_Range_73a42b : aliased Runner_1.Test_Case;
        4:   17:   Case_3_1_Test_fRadians_To_Degrees_020d52 : aliased Runner_1.Test_Case;
        4:   18:   Case_4_1_Test_fDegrees_To_Radians_82d864 : aliased Runner_1.Test_Case;
        4:   19:   Case_5_1_Test_fTAngle_To_FAngle_d09c7f : aliased Runner_1.Test_Case;
        4:   20:   Case_6_1_Test_tfFAngle_To_TAngle_52086e : aliased Runner_1.Test_Case;
        -:   21:
        4:   22:   function Suite return AUnit.Test_Suites.Access_Test_Suite is
        -:   23:   begin
        -:   24:
        4:   25:      Runner_1.Create
        -:   26:        (Case_1_1_Test_fGet_Angle_Degrees_In_Range_1c8f14,
        -:   27:         "math-angles.ads:8:4:",
        -:   28:         Test_fGet_Angle_Degrees_In_Range_1c8f14'Access);
        4:   29:      Runner_1.Create
        -:   30:        (Case_2_1_Test_fGet_Angle_Radians_In_Range_73a42b,
        -:   31:         "math-angles.ads:9:4:",
        -:   32:         Test_fGet_Angle_Radians_In_Range_73a42b'Access);
        4:   33:      Runner_1.Create
        -:   34:        (Case_3_1_Test_fRadians_To_Degrees_020d52,
        -:   35:         "math-angles.ads:10:4:",
        -:   36:         Test_fRadians_To_Degrees_020d52'Access);
        4:   37:      Runner_1.Create
        -:   38:        (Case_4_1_Test_fDegrees_To_Radians_82d864,
        -:   39:         "math-angles.ads:11:4:",
        -:   40:         Test_fDegrees_To_Radians_82d864'Access);
        4:   41:      Runner_1.Create
        -:   42:        (Case_5_1_Test_fTAngle_To_FAngle_d09c7f,
        -:   43:         "math-angles.ads:12:4:",
        -:   44:         Test_fTAngle_To_FAngle_d09c7f'Access);
        4:   45:      Runner_1.Create
        -:   46:        (Case_6_1_Test_tfFAngle_To_TAngle_52086e,
        -:   47:         "math-angles.ads:13:4:",
        -:   48:         Test_tfFAngle_To_TAngle_52086e'Access);
        -:   49:
        4:   50:      Result.Add_Test (Case_1_1_Test_fGet_Angle_Degrees_In_Range_1c8f14'Access);
        4:   51:      Result.Add_Test (Case_2_1_Test_fGet_Angle_Radians_In_Range_73a42b'Access);
        4:   52:      Result.Add_Test (Case_3_1_Test_fRadians_To_Degrees_020d52'Access);
        4:   53:      Result.Add_Test (Case_4_1_Test_fDegrees_To_Radians_82d864'Access);
        4:   54:      Result.Add_Test (Case_5_1_Test_fTAngle_To_FAngle_d09c7f'Access);
        4:   55:      Result.Add_Test (Case_6_1_Test_tfFAngle_To_TAngle_52086e'Access);
        -:   56:
        4:   57:      return Result'Access;
        -:   58:
        -:   59:   end Suite;
        -:   60:
        4:   61:end Math.Angles.Test_Data.Tests.Suite;
        -:   62:--  end read only
