        -:    0:Source:/home/evr/git/naiad-auv-software/src/lib/math/matrices/obj/gnattest/harness/math-matrices-cmatrix_test_data-cmatrix_tests-suite.adb
        -:    0:Programs:122
        -:    1:--  This package has been generated automatically by GNATtest.
        -:    2:--  Do not edit any part of it, see GNATtest documentation for more details.
        -:    3:
        -:    4:--  begin read only
        -:    5:with AUnit.Test_Caller;
        -:    6:with Gnattest_Generated;
        -:    7:
       12:    8:package body Math.Matrices.CMatrix_Test_Data.CMatrix_Tests.Suite is
        -:    9:
        -:   10:   package Runner_1 is new AUnit.Test_Caller
        -:   11:     (GNATtest_Generated.GNATtest_Standard.Math.Matrices.CMatrix_Test_Data.CMatrix_Tests.Test_CMatrix);
        -:   12:
        4:   13:   Result : aliased AUnit.Test_Suites.Test_Suite;
        -:   14:
        4:   15:   Case_1_1_Test_pxGet_Inverse_4c7f5a : aliased Runner_1.Test_Case;
        4:   16:   Case_2_1_Test_pxGet_Copy_3c9397 : aliased Runner_1.Test_Case;
        4:   17:   Case_3_1_Test_pxGet_Transpose_88bdfe : aliased Runner_1.Test_Case;
        4:   18:   Case_4_1_Test_tfGet_Raw_Matrix_d46bc2 : aliased Runner_1.Test_Case;
        4:   19:   Case_5_1_Test_fGet_Determinant_6a3440 : aliased Runner_1.Test_Case;
        4:   20:   Case_6_1_Test_pxGet_X_Vector_160735 : aliased Runner_1.Test_Case;
        4:   21:   Case_7_1_Test_pxGet_Y_Vector_2cb764 : aliased Runner_1.Test_Case;
        4:   22:   Case_8_1_Test_pxGet_Z_Vector_fd9c88 : aliased Runner_1.Test_Case;
        4:   23:   Case_9_1_Test_Copy_From_d33e2b : aliased Runner_1.Test_Case;
        -:   24:
        4:   25:   function Suite return AUnit.Test_Suites.Access_Test_Suite is
        -:   26:   begin
        -:   27:
        4:   28:      Runner_1.Create
        -:   29:        (Case_1_1_Test_pxGet_Inverse_4c7f5a,
        -:   30:         "math-matrices.ads:28:4:",
        -:   31:         Test_pxGet_Inverse_4c7f5a'Access);
        4:   32:      Runner_1.Create
        -:   33:        (Case_2_1_Test_pxGet_Copy_3c9397,
        -:   34:         "math-matrices.ads:29:4:",
        -:   35:         Test_pxGet_Copy_3c9397'Access);
        4:   36:      Runner_1.Create
        -:   37:        (Case_3_1_Test_pxGet_Transpose_88bdfe,
        -:   38:         "math-matrices.ads:30:4:",
        -:   39:         Test_pxGet_Transpose_88bdfe'Access);
        4:   40:      Runner_1.Create
        -:   41:        (Case_4_1_Test_tfGet_Raw_Matrix_d46bc2,
        -:   42:         "math-matrices.ads:31:4:",
        -:   43:         Test_tfGet_Raw_Matrix_d46bc2'Access);
        4:   44:      Runner_1.Create
        -:   45:        (Case_5_1_Test_fGet_Determinant_6a3440,
        -:   46:         "math-matrices.ads:32:4:",
        -:   47:         Test_fGet_Determinant_6a3440'Access);
        4:   48:      Runner_1.Create
        -:   49:        (Case_6_1_Test_pxGet_X_Vector_160735,
        -:   50:         "math-matrices.ads:34:4:",
        -:   51:         Test_pxGet_X_Vector_160735'Access);
        4:   52:      Runner_1.Create
        -:   53:        (Case_7_1_Test_pxGet_Y_Vector_2cb764,
        -:   54:         "math-matrices.ads:35:4:",
        -:   55:         Test_pxGet_Y_Vector_2cb764'Access);
        4:   56:      Runner_1.Create
        -:   57:        (Case_8_1_Test_pxGet_Z_Vector_fd9c88,
        -:   58:         "math-matrices.ads:36:4:",
        -:   59:         Test_pxGet_Z_Vector_fd9c88'Access);
        4:   60:      Runner_1.Create
        -:   61:        (Case_9_1_Test_Copy_From_d33e2b,
        -:   62:         "math-matrices.ads:38:4:",
        -:   63:         Test_Copy_From_d33e2b'Access);
        -:   64:
        4:   65:      Result.Add_Test (Case_1_1_Test_pxGet_Inverse_4c7f5a'Access);
        4:   66:      Result.Add_Test (Case_2_1_Test_pxGet_Copy_3c9397'Access);
        4:   67:      Result.Add_Test (Case_3_1_Test_pxGet_Transpose_88bdfe'Access);
        4:   68:      Result.Add_Test (Case_4_1_Test_tfGet_Raw_Matrix_d46bc2'Access);
        4:   69:      Result.Add_Test (Case_5_1_Test_fGet_Determinant_6a3440'Access);
        4:   70:      Result.Add_Test (Case_6_1_Test_pxGet_X_Vector_160735'Access);
        4:   71:      Result.Add_Test (Case_7_1_Test_pxGet_Y_Vector_2cb764'Access);
        4:   72:      Result.Add_Test (Case_8_1_Test_pxGet_Z_Vector_fd9c88'Access);
        4:   73:      Result.Add_Test (Case_9_1_Test_Copy_From_d33e2b'Access);
        -:   74:
        4:   75:      return Result'Access;
        -:   76:
        -:   77:   end Suite;
        -:   78:
        4:   79:end Math.Matrices.CMatrix_Test_Data.CMatrix_Tests.Suite;
        -:   80:--  end read only
