        -:    0:Source:/home/evr/git/naiad-auv-software/src/lib/math/matrices/obj/gnattest/harness/math-matrices-test_data-tests-suite.adb
        -:    0:Programs:122
        -:    1:--  This package has been generated automatically by GNATtest.
        -:    2:--  Do not edit any part of it, see GNATtest documentation for more details.
        -:    3:
        -:    4:--  begin read only
        -:    5:with AUnit.Test_Caller;
        -:    6:with Gnattest_Generated;
        -:    7:
       12:    8:package body Math.Matrices.Test_Data.Tests.Suite is
        -:    9:
        -:   10:   package Runner_1 is new AUnit.Test_Caller
        -:   11:     (GNATtest_Generated.GNATtest_Standard.Math.Matrices.Test_Data.Tests.Test);
        -:   12:
        4:   13:   Result : aliased AUnit.Test_Suites.Test_Suite;
        -:   14:
        4:   15:   Case_1_1_Test_pxCreate_From_Quaternion_7a9b71 : aliased Runner_1.Test_Case;
        4:   16:   Case_2_1_Test_pxCreate_Rotation_Around_X_Axis_dc136b : aliased Runner_1.Test_Case;
        4:   17:   Case_3_1_Test_pxCreate_Rotation_Around_Y_Axis_1fc26a : aliased Runner_1.Test_Case;
        4:   18:   Case_4_1_Test_pxCreate_Rotation_Around_Z_Axis_0d121c : aliased Runner_1.Test_Case;
        4:   19:   Case_5_1_Test_pxCreate_Identity_4ca1dd : aliased Runner_1.Test_Case;
        4:   20:   Case_6_1_Test_pxCreate_23e020 : aliased Runner_1.Test_Case;
        4:   21:   Case_7_1_Test_Multiply_519195 : aliased Runner_1.Test_Case;
        4:   22:   Case_8_1_Test_Multiply_89b399 : aliased Runner_1.Test_Case;
        4:   23:   Case_9_1_Test_Multiply_a96879 : aliased Runner_1.Test_Case;
        4:   24:   Case_10_1_Test_Equal_1c1727 : aliased Runner_1.Test_Case;
        4:   25:   Case_11_1_Test_Swap_Values_In_Extended_Matrix_d790ab : aliased Runner_1.Test_Case;
        4:   26:   Case_12_1_Test_Swap_Rows_In_Extended_Matrix_e8fd17 : aliased Runner_1.Test_Case;
        4:   27:   Case_13_1_Test_Scale_Row_In_Extended_Matrix_51dfbc : aliased Runner_1.Test_Case;
        4:   28:   Case_14_1_Test_Remove_Component_In_Following_Rows_6495d3 : aliased Runner_1.Test_Case;
        4:   29:   Case_15_1_Test_Remove_Component_In_Leading_Rows_4f91f1 : aliased Runner_1.Test_Case;
        4:   30:   Case_16_1_Test_Find_Row_With_Highest_Component_203fad : aliased Runner_1.Test_Case;
        4:   31:   Case_17_1_Test_Perform_Gauss_Jordan_Elimination_On_00378a : aliased Runner_1.Test_Case;
        4:   32:   Case_18_1_Test_tfCreate_Extended_Matrix_From_d7fdf5 : aliased Runner_1.Test_Case;
        4:   33:   Case_19_1_Test_tfGet_Inverse_Part_From_e434a4 : aliased Runner_1.Test_Case;
        4:   34:   Case_20_1_Test_bMatrix_Has_No_Inverse_8de23e : aliased Runner_1.Test_Case;
        -:   35:
        4:   36:   function Suite return AUnit.Test_Suites.Access_Test_Suite is
        -:   37:   begin
        -:   38:
        4:   39:      Runner_1.Create
        -:   40:        (Case_1_1_Test_pxCreate_From_Quaternion_7a9b71,
        -:   41:         "math-matrices.ads:16:4:",
        -:   42:         Test_pxCreate_From_Quaternion_7a9b71'Access);
        4:   43:      Runner_1.Create
        -:   44:        (Case_2_1_Test_pxCreate_Rotation_Around_X_Axis_dc136b,
        -:   45:         "math-matrices.ads:17:4:",
        -:   46:         Test_pxCreate_Rotation_Around_X_Axis_dc136b'Access);
        4:   47:      Runner_1.Create
        -:   48:        (Case_3_1_Test_pxCreate_Rotation_Around_Y_Axis_1fc26a,
        -:   49:         "math-matrices.ads:18:4:",
        -:   50:         Test_pxCreate_Rotation_Around_Y_Axis_1fc26a'Access);
        4:   51:      Runner_1.Create
        -:   52:        (Case_4_1_Test_pxCreate_Rotation_Around_Z_Axis_0d121c,
        -:   53:         "math-matrices.ads:19:4:",
        -:   54:         Test_pxCreate_Rotation_Around_Z_Axis_0d121c'Access);
        4:   55:      Runner_1.Create
        -:   56:        (Case_5_1_Test_pxCreate_Identity_4ca1dd,
        -:   57:         "math-matrices.ads:20:4:",
        -:   58:         Test_pxCreate_Identity_4ca1dd'Access);
        4:   59:      Runner_1.Create
        -:   60:        (Case_6_1_Test_pxCreate_23e020,
        -:   61:         "math-matrices.ads:21:4:",
        -:   62:         Test_pxCreate_23e020'Access);
        4:   63:      Runner_1.Create
        -:   64:        (Case_7_1_Test_Multiply_519195,
        -:   65:         "math-matrices.ads:23:4:",
        -:   66:         Test_Multiply_519195'Access);
        4:   67:      Runner_1.Create
        -:   68:        (Case_8_1_Test_Multiply_89b399,
        -:   69:         "math-matrices.ads:24:4:",
        -:   70:         Test_Multiply_89b399'Access);
        4:   71:      Runner_1.Create
        -:   72:        (Case_9_1_Test_Multiply_a96879,
        -:   73:         "math-matrices.ads:25:4:",
        -:   74:         Test_Multiply_a96879'Access);
        4:   75:      Runner_1.Create
        -:   76:        (Case_10_1_Test_Equal_1c1727,
        -:   77:         "math-matrices.ads:26:4:",
        -:   78:         Test_Equal_1c1727'Access);
        4:   79:      Runner_1.Create
        -:   80:        (Case_11_1_Test_Swap_Values_In_Extended_Matrix_d790ab,
        -:   81:         "math-matrices.ads:47:4:",
        -:   82:         Test_Swap_Values_In_Extended_Matrix_d790ab'Access);
        4:   83:      Runner_1.Create
        -:   84:        (Case_12_1_Test_Swap_Rows_In_Extended_Matrix_e8fd17,
        -:   85:         "math-matrices.ads:48:4:",
        -:   86:         Test_Swap_Rows_In_Extended_Matrix_e8fd17'Access);
        4:   87:      Runner_1.Create
        -:   88:        (Case_13_1_Test_Scale_Row_In_Extended_Matrix_51dfbc,
        -:   89:         "math-matrices.ads:49:4:",
        -:   90:         Test_Scale_Row_In_Extended_Matrix_51dfbc'Access);
        4:   91:      Runner_1.Create
        -:   92:        (Case_14_1_Test_Remove_Component_In_Following_Rows_6495d3,
        -:   93:         "math-matrices.ads:50:4:",
        -:   94:         Test_Remove_Component_In_Following_Rows_6495d3'Access);
        4:   95:      Runner_1.Create
        -:   96:        (Case_15_1_Test_Remove_Component_In_Leading_Rows_4f91f1,
        -:   97:         "math-matrices.ads:51:4:",
        -:   98:         Test_Remove_Component_In_Leading_Rows_4f91f1'Access);
        4:   99:      Runner_1.Create
        -:  100:        (Case_16_1_Test_Find_Row_With_Highest_Component_203fad,
        -:  101:         "math-matrices.ads:52:4:",
        -:  102:         Test_Find_Row_With_Highest_Component_203fad'Access);
        4:  103:      Runner_1.Create
        -:  104:        (Case_17_1_Test_Perform_Gauss_Jordan_Elimination_On_00378a,
        -:  105:         "math-matrices.ads:53:4:",
        -:  106:         Test_Perform_Gauss_Jordan_Elimination_On_00378a'Access);
        4:  107:      Runner_1.Create
        -:  108:        (Case_18_1_Test_tfCreate_Extended_Matrix_From_d7fdf5,
        -:  109:         "math-matrices.ads:54:4:",
        -:  110:         Test_tfCreate_Extended_Matrix_From_d7fdf5'Access);
        4:  111:      Runner_1.Create
        -:  112:        (Case_19_1_Test_tfGet_Inverse_Part_From_e434a4,
        -:  113:         "math-matrices.ads:55:4:",
        -:  114:         Test_tfGet_Inverse_Part_From_e434a4'Access);
        4:  115:      Runner_1.Create
        -:  116:        (Case_20_1_Test_bMatrix_Has_No_Inverse_8de23e,
        -:  117:         "math-matrices.ads:56:4:",
        -:  118:         Test_bMatrix_Has_No_Inverse_8de23e'Access);
        -:  119:
        4:  120:      Result.Add_Test (Case_1_1_Test_pxCreate_From_Quaternion_7a9b71'Access);
        4:  121:      Result.Add_Test (Case_2_1_Test_pxCreate_Rotation_Around_X_Axis_dc136b'Access);
        4:  122:      Result.Add_Test (Case_3_1_Test_pxCreate_Rotation_Around_Y_Axis_1fc26a'Access);
        4:  123:      Result.Add_Test (Case_4_1_Test_pxCreate_Rotation_Around_Z_Axis_0d121c'Access);
        4:  124:      Result.Add_Test (Case_5_1_Test_pxCreate_Identity_4ca1dd'Access);
        4:  125:      Result.Add_Test (Case_6_1_Test_pxCreate_23e020'Access);
        4:  126:      Result.Add_Test (Case_7_1_Test_Multiply_519195'Access);
        4:  127:      Result.Add_Test (Case_8_1_Test_Multiply_89b399'Access);
        4:  128:      Result.Add_Test (Case_9_1_Test_Multiply_a96879'Access);
        4:  129:      Result.Add_Test (Case_10_1_Test_Equal_1c1727'Access);
        4:  130:      Result.Add_Test (Case_11_1_Test_Swap_Values_In_Extended_Matrix_d790ab'Access);
        4:  131:      Result.Add_Test (Case_12_1_Test_Swap_Rows_In_Extended_Matrix_e8fd17'Access);
        4:  132:      Result.Add_Test (Case_13_1_Test_Scale_Row_In_Extended_Matrix_51dfbc'Access);
        4:  133:      Result.Add_Test (Case_14_1_Test_Remove_Component_In_Following_Rows_6495d3'Access);
        4:  134:      Result.Add_Test (Case_15_1_Test_Remove_Component_In_Leading_Rows_4f91f1'Access);
        4:  135:      Result.Add_Test (Case_16_1_Test_Find_Row_With_Highest_Component_203fad'Access);
        4:  136:      Result.Add_Test (Case_17_1_Test_Perform_Gauss_Jordan_Elimination_On_00378a'Access);
        4:  137:      Result.Add_Test (Case_18_1_Test_tfCreate_Extended_Matrix_From_d7fdf5'Access);
        4:  138:      Result.Add_Test (Case_19_1_Test_tfGet_Inverse_Part_From_e434a4'Access);
        4:  139:      Result.Add_Test (Case_20_1_Test_bMatrix_Has_No_Inverse_8de23e'Access);
        -:  140:
        4:  141:      return Result'Access;
        -:  142:
        -:  143:   end Suite;
        -:  144:
        4:  145:end Math.Matrices.Test_Data.Tests.Suite;
        -:  146:--  end read only
